<?xml version="1.0" encoding="UTF-8"?>
<!-- Generated by org.testng.reporters.JUnitReportReporter -->
<testsuite hostname="NANIPC" failures="0" tests="1" name="AllSolutions.DatePicker" time="9.487" errors="0" timestamp="2025-06-15T21:27:07 IST" skipped="0">
  <testcase classname="AllSolutions.DatePicker" name="date1" time="9.487"/>
</testsuite> <!-- AllSolutions.DatePicker -->
