<?xml version="1.0" encoding="UTF-8"?>
<!-- Generated by org.testng.reporters.JUnitReportReporter -->
<testsuite hostname="NANIPC" failures="0" tests="1" name="AllSolutions.FileDownload" time="15.478" errors="0" timestamp="2025-06-02T17:39:57 IST" skipped="0">
  <testcase classname="AllSolutions.FileDownload" name="BrowserFileDownload" time="15.478"/>
</testsuite> <!-- AllSolutions.FileDownload -->
