<?xml version="1.0" encoding="UTF-8"?>
<!-- Generated by org.testng.reporters.JUnitReportReporter -->
<testsuite hostname="NANIPC" failures="0" tests="1" name="AllSolutions.WindowHandling" time="10.773" errors="0" timestamp="2025-06-02T15:56:03 IST" skipped="0">
  <testcase classname="AllSolutions.WindowHandling" name="nextwindow" time="10.773"/>
</testsuite> <!-- AllSolutions.WindowHandling -->
