<?xml version="1.0" encoding="UTF-8"?>
<!-- Generated by org.testng.reporters.JUnitReportReporter -->
<testsuite hostname="NANIPC" failures="0" tests="1" name="AllSolutions.HeadlessMode" time="5.110" errors="0" timestamp="2025-06-05T12:22:56 IST" skipped="0">
  <testcase classname="AllSolutions.HeadlessMode" name="incognito" time="5.110"/>
</testsuite> <!-- AllSolutions.HeadlessMode -->
