<?xml version="1.0" encoding="UTF-8"?>
<!-- Generated by org.testng.reporters.JUnitReportReporter -->
<testsuite hostname="NANIPC" failures="0" tests="1" name="AllSolutions.Cookies" time="6.431" errors="0" timestamp="2025-06-18T12:14:08 IST" skipped="0">
  <testcase classname="AllSolutions.Cookies" name="cookie" time="6.431"/>
</testsuite> <!-- AllSolutions.Cookies -->
