<?xml version="1.0" encoding="UTF-8"?>
<!-- Generated by org.testng.reporters.JUnitReportReporter -->
<testsuite hostname="NANIPC" failures="0" tests="1" name="AllSolutions.InfinitySCROLL" time="20.992" errors="0" timestamp="2025-06-02T12:41:05 IST" skipped="0">
  <testcase classname="AllSolutions.InfinitySCROLL" name="InfinityScroll2" time="20.992"/>
</testsuite> <!-- AllSolutions.InfinitySCROLL -->
