<?xml version="1.0" encoding="UTF-8"?>
<!-- Generated by org.testng.reporters.JUnitReportReporter -->
<testsuite hostname="NANIPC" failures="0" tests="1" name="AllSolutions.DatePicker" time="4.995" errors="0" timestamp="2025-06-03T11:48:03 IST" skipped="0">
  <testcase classname="AllSolutions.DatePicker" name="date3" time="4.995"/>
</testsuite> <!-- AllSolutions.DatePicker -->
