<?xml version="1.0" encoding="UTF-8"?>
<!-- Generated by org.testng.reporters.JUnitReportReporter -->
<testsuite hostname="NANIPC" failures="0" tests="1" name="AllSolutions.Selenium_Automation_Examples" time="5.359" errors="0" timestamp="2025-06-02T11:24:25 IST" skipped="0">
  <testcase classname="AllSolutions.Selenium_Automation_Examples" name="DynamicTable" time="5.359"/>
</testsuite> <!-- AllSolutions.Selenium_Automation_Examples -->
