<?xml version="1.0" encoding="UTF-8"?>
<!-- Generated by org.testng.reporters.JUnitReportReporter -->
<testsuite hostname="NANIPC" failures="0" tests="1" name="AllSolutions.BrowserDetails" time="1.571" errors="0" timestamp="2025-06-03T13:05:38 IST" skipped="0">
  <testcase classname="AllSolutions.BrowserDetails" name="browser" time="1.571"/>
</testsuite> <!-- AllSolutions.BrowserDetails -->
