<?xml version="1.0" encoding="UTF-8"?>
<!-- Generated by org.testng.reporters.JUnitReportReporter -->
<testsuite hostname="NANIPC" failures="0" tests="1" name="AllSolutions.CreateExcelFile" time="1.118" errors="0" timestamp="2025-07-15T16:21:11 IST" skipped="0">
  <testcase classname="AllSolutions.CreateExcelFile" name="create" time="1.118"/>
</testsuite> <!-- AllSolutions.CreateExcelFile -->
