<?xml version="1.0" encoding="UTF-8"?>
<!-- Generated by org.testng.reporters.JUnitReportReporter -->
<testsuite hostname="NANIPC" failures="0" tests="1" name="AllSolutions.MouseActions" time="5.621" errors="0" timestamp="2025-06-02T15:30:45 IST" skipped="0">
  <testcase classname="AllSolutions.MouseActions" name="DragAndDrop" time="5.621"/>
</testsuite> <!-- AllSolutions.MouseActions -->
