<?xml version="1.0" encoding="UTF-8"?>
<!-- Generated by org.testng.reporters.JUnitReportReporter -->
<testsuite hostname="NANIPC" failures="0" tests="1" name="AllSolutions.JavaScriptAlerts" time="5.789" errors="0" timestamp="2025-06-02T15:38:17 IST" skipped="0">
  <testcase classname="AllSolutions.JavaScriptAlerts" name="SimpleAlert" time="5.789"/>
</testsuite> <!-- AllSolutions.JavaScriptAlerts -->
