<?xml version="1.0" encoding="UTF-8"?>
<!-- Generated by org.testng.reporters.JUnitReportReporter -->
<testsuite hostname="NANIPC" failures="0" tests="1" name="AllSolutions.FileUpload" time="6.343" errors="0" timestamp="2025-06-02T16:35:23 IST" skipped="0">
  <testcase classname="AllSolutions.FileUpload" name="MultipleFileUpload" time="6.343"/>
</testsuite> <!-- AllSolutions.FileUpload -->
