<?xml version="1.0" encoding="UTF-8"?>
<!-- Generated by org.testng.reporters.JUnitReportReporter -->
<testsuite hostname="NANIPC" failures="0" tests="1" name="AllSolutions.IFrame" time="12.596" errors="0" timestamp="2025-06-04T09:16:03 IST" skipped="0">
  <testcase classname="AllSolutions.IFrame" name="frame" time="12.596"/>
</testsuite> <!-- AllSolutions.IFrame -->
