<?xml version="1.0" encoding="UTF-8"?>
<!-- Generated by org.testng.reporters.JUnitReportReporter -->
<testsuite hostname="NANIPC" failures="0" tests="1" name="AllSolutions.DropDown" time="5.470" errors="0" timestamp="2025-06-03T10:55:16 IST" skipped="0">
  <testcase classname="AllSolutions.DropDown" name="select" time="5.470"/>
</testsuite> <!-- AllSolutions.DropDown -->
